2026-02-02 19:43:48,743 [INFO] 🚀 СБОРКА SMM Bot запущен
2026-02-02 19:43:49,053 [INFO] ✅ Сообщение отправлено в -5218185060
2026-02-02 19:43:49,245 [INFO] 📩 @timzinin: /help...
2026-02-02 19:43:49,750 [INFO] ✅ Сообщение отправлено в -5218185060
2026-02-02 19:51:17,485 [INFO] 📩 @timzinin: /start...
2026-02-02 19:51:18,045 [INFO] ✅ Сообщение отправлено в -5218185060
2026-02-02 19:51:22,568 [INFO] 📩 @timzinin: /help...
2026-02-02 19:51:23,093 [INFO] ✅ Сообщение отправлено в -5218185060
2026-02-02 19:51:26,611 [INFO] 📩 @timzinin: /status...
2026-02-02 19:51:27,162 [INFO] ✅ Сообщение отправлено в -5218185060
2026-02-02 19:59:09,133 [ERROR] HTTP Error 409: {"ok":false,"error_code":409,"description":"Conflict: terminated by other getUpdates request; make sure that only one bot instance is running"}
2026-02-02 19:59:32,631 [INFO] Получен сигнал остановки...
2026-02-02 19:59:39,487 [INFO] Бот остановлен
2026-02-02 19:59:39,811 [INFO] ✅ Сообщение отправлено в -5218185060
🚀 Запуск СБОРКА SMM Bot...
   Для проверки: python3 main.py --check

🚀 СБОРКА SMM Bot запущен
   Chat ID: -5218185060
   Offset: 0
   Нажмите Ctrl+C для остановки

